<?xml version="1.0" encoding="UTF-8"?>
<!-- Generated by org.testng.reporters.JUnitReportReporter -->
<testsuite skipped="0" hostname="PankajKumar-HP" name="com.qa.Script.Agent_verify_Script" tests="1" failures="0" timestamp="07 Oct 2020 20:36:21 GMT" time="6.981" errors="0">
  <testcase name="verify_property" time="6.981" classname="com.qa.Script.Agent_verify_Script"/>
</testsuite> <!-- com.qa.Script.Agent_verify_Script -->
