<?xml version="1.0" encoding="UTF-8"?>
<!-- Generated by org.testng.reporters.JUnitReportReporter -->
<testsuite skipped="0" hostname="PankajKumar-HP" name="com.qa.Script.Script_Property" tests="2" failures="0" timestamp="06 Sep 2020 00:55:04 GMT" time="20.571" errors="0">
  <testcase name="select_dropdown" time="7.052" classname="com.qa.Script.Script_Property"/>
  <testcase name="properties_List" time="13.519" classname="com.qa.Script.Script_Property"/>
</testsuite> <!-- com.qa.Script.Script_Property -->
