<?xml version="1.0" encoding="UTF-8"?>
<!-- Generated by org.testng.reporters.JUnitReportReporter -->
<testsuite skipped="0" hostname="PankajKumar-HP" name="com.qa.Script.Search_Script" tests="2" failures="0" timestamp="07 Oct 2020 20:36:21 GMT" time="4.814" errors="0">
  <testcase name="accept_Cookies" time="0.234" classname="com.qa.Script.Search_Script"/>
  <testcase name="search_City" time="4.580" classname="com.qa.Script.Search_Script"/>
</testsuite> <!-- com.qa.Script.Search_Script -->
