<?xml version="1.0" encoding="UTF-8"?>
<!-- Generated by org.testng.reporters.JUnitReportReporter -->
<testsuite skipped="0" hostname="PankajKumar-HP" name="com.qa.Script.Search_Script" tests="2" failures="0" timestamp="06 Sep 2020 00:55:04 GMT" time="2.650" errors="0">
  <testcase name="accept_Cookies" time="0.271" classname="com.qa.Script.Search_Script"/>
  <testcase name="search_City" time="2.379" classname="com.qa.Script.Search_Script"/>
</testsuite> <!-- com.qa.Script.Search_Script -->
