<?xml version="1.0" encoding="UTF-8"?>
<!-- Generated by org.testng.reporters.JUnitReportReporter -->
<testsuite skipped="0" hostname="PankajKumar-HP" name="com.qa.Script.Script_Property" tests="2" failures="0" timestamp="07 Oct 2020 20:36:21 GMT" time="18.327" errors="0">
  <testcase name="select_dropdown" time="6.326" classname="com.qa.Script.Script_Property"/>
  <testcase name="properties_List" time="12.001" classname="com.qa.Script.Script_Property"/>
</testsuite> <!-- com.qa.Script.Script_Property -->
